<?xml version="1.0" encoding="UTF-8"?>
<testsuite name="com.eronalves.consultafrete.unittest.ConsultaControllerTest" tests="5" skipped="0" failures="0" errors="0" timestamp="2023-03-02T22:17:39" hostname="eron-virtualbox" time="0.125">
  <properties/>
  <testcase name="cepNaoExiste()" classname="com.eronalves.consultafrete.unittest.ConsultaControllerTest" time="0.1"/>
  <testcase name="apiIndisponivel()" classname="com.eronalves.consultafrete.unittest.ConsultaControllerTest" time="0.006"/>
  <testcase name="enviaCepSemMascara()" classname="com.eronalves.consultafrete.unittest.ConsultaControllerTest" time="0.007"/>
  <testcase name="enviaCepInvalido()" classname="com.eronalves.consultafrete.unittest.ConsultaControllerTest" time="0.004"/>
  <testcase name="enviaCepComMascara()" classname="com.eronalves.consultafrete.unittest.ConsultaControllerTest" time="0.002"/>
  <system-out><![CDATA[19:17:37.540 [Test worker] DEBUG org.springframework.test.context.BootstrapUtils - Instantiating CacheAwareContextLoaderDelegate from class [org.springframework.test.context.cache.DefaultCacheAwareContextLoaderDelegate]
19:17:37.547 [Test worker] DEBUG org.springframework.test.context.BootstrapUtils - Instantiating BootstrapContext using constructor [public org.springframework.test.context.support.DefaultBootstrapContext(java.lang.Class,org.springframework.test.context.CacheAwareContextLoaderDelegate)]
19:17:37.571 [Test worker] DEBUG org.springframework.test.context.BootstrapUtils - Instantiating TestContextBootstrapper for test class [com.eronalves.consultafrete.unittest.ConsultaControllerTest] from class [org.springframework.boot.test.context.SpringBootTestContextBootstrapper]
19:17:37.578 [Test worker] INFO org.springframework.boot.test.context.SpringBootTestContextBootstrapper - Neither @ContextConfiguration nor @ContextHierarchy found for test class [com.eronalves.consultafrete.unittest.ConsultaControllerTest], using SpringBootContextLoader
19:17:37.582 [Test worker] DEBUG org.springframework.test.context.support.AbstractContextLoader - Did not detect default resource location for test class [com.eronalves.consultafrete.unittest.ConsultaControllerTest]: class path resource [com/eronalves/consultafrete/unittest/ConsultaControllerTest-context.xml] does not exist
19:17:37.582 [Test worker] DEBUG org.springframework.test.context.support.AbstractContextLoader - Did not detect default resource location for test class [com.eronalves.consultafrete.unittest.ConsultaControllerTest]: class path resource [com/eronalves/consultafrete/unittest/ConsultaControllerTestContext.groovy] does not exist
19:17:37.582 [Test worker] INFO org.springframework.test.context.support.AbstractContextLoader - Could not detect default resource locations for test class [com.eronalves.consultafrete.unittest.ConsultaControllerTest]: no resource found for suffixes {-context.xml, Context.groovy}.
19:17:37.583 [Test worker] INFO org.springframework.test.context.support.AnnotationConfigContextLoaderUtils - Could not detect default configuration classes for test class [com.eronalves.consultafrete.unittest.ConsultaControllerTest]: ConsultaControllerTest does not declare any static, non-private, non-final, nested classes annotated with @Configuration.
19:17:37.622 [Test worker] DEBUG org.springframework.test.context.support.ActiveProfilesUtils - Could not find an 'annotation declaring class' for annotation type [org.springframework.test.context.ActiveProfiles] and class [com.eronalves.consultafrete.unittest.ConsultaControllerTest]
19:17:37.658 [Test worker] DEBUG org.springframework.context.annotation.ClassPathScanningCandidateComponentProvider - Identified candidate component class: file [/home/eronads/repos/ConsultaFrete/build/classes/java/main/com/eronalves/consultafrete/ConsultafreteApplication.class]
19:17:37.659 [Test worker] INFO org.springframework.boot.test.context.SpringBootTestContextBootstrapper - Found @SpringBootConfiguration com.eronalves.consultafrete.ConsultafreteApplication for test class com.eronalves.consultafrete.unittest.ConsultaControllerTest
19:17:37.708 [Test worker] DEBUG org.springframework.boot.test.context.SpringBootTestContextBootstrapper - @TestExecutionListeners is not present for class [com.eronalves.consultafrete.unittest.ConsultaControllerTest]: using defaults.
19:17:37.709 [Test worker] INFO org.springframework.boot.test.context.SpringBootTestContextBootstrapper - Loaded default TestExecutionListener class names from location [META-INF/spring.factories]: [org.springframework.boot.test.autoconfigure.restdocs.RestDocsTestExecutionListener, org.springframework.boot.test.autoconfigure.web.client.MockRestServiceServerResetTestExecutionListener, org.springframework.boot.test.autoconfigure.web.servlet.MockMvcPrintOnlyOnFailureTestExecutionListener, org.springframework.boot.test.autoconfigure.web.servlet.WebDriverTestExecutionListener, org.springframework.boot.test.autoconfigure.webservices.client.MockWebServiceServerTestExecutionListener, org.springframework.boot.test.mock.mockito.MockitoTestExecutionListener, org.springframework.boot.test.mock.mockito.ResetMocksTestExecutionListener, org.springframework.test.context.web.ServletTestExecutionListener, org.springframework.test.context.support.DirtiesContextBeforeModesTestExecutionListener, org.springframework.test.context.event.ApplicationEventsTestExecutionListener, org.springframework.test.context.support.DependencyInjectionTestExecutionListener, org.springframework.test.context.support.DirtiesContextTestExecutionListener, org.springframework.test.context.transaction.TransactionalTestExecutionListener, org.springframework.test.context.jdbc.SqlScriptsTestExecutionListener, org.springframework.test.context.event.EventPublishingTestExecutionListener]
19:17:37.714 [Test worker] DEBUG org.springframework.boot.test.context.SpringBootTestContextBootstrapper - Skipping candidate TestExecutionListener [org.springframework.test.context.transaction.TransactionalTestExecutionListener] due to a missing dependency. Specify custom listener classes or make the default listener classes and their required dependencies available. Offending class: [org/springframework/transaction/interceptor/TransactionAttributeSource]
19:17:37.715 [Test worker] DEBUG org.springframework.boot.test.context.SpringBootTestContextBootstrapper - Skipping candidate TestExecutionListener [org.springframework.test.context.jdbc.SqlScriptsTestExecutionListener] due to a missing dependency. Specify custom listener classes or make the default listener classes and their required dependencies available. Offending class: [org/springframework/transaction/interceptor/TransactionAttribute]
19:17:37.715 [Test worker] INFO org.springframework.boot.test.context.SpringBootTestContextBootstrapper - Using TestExecutionListeners: [org.springframework.test.context.web.ServletTestExecutionListener@5bbbdd4b, org.springframework.test.context.support.DirtiesContextBeforeModesTestExecutionListener@438bad7c, org.springframework.test.context.event.ApplicationEventsTestExecutionListener@25230246, org.springframework.boot.test.mock.mockito.MockitoTestExecutionListener@4fdf8f12, org.springframework.boot.test.autoconfigure.SpringBootDependencyInjectionTestExecutionListener@4a8b5227, org.springframework.test.context.support.DirtiesContextTestExecutionListener@54f5f647, org.springframework.test.context.event.EventPublishingTestExecutionListener@6979efad, org.springframework.boot.test.autoconfigure.restdocs.RestDocsTestExecutionListener@5a6d5a8f, org.springframework.boot.test.autoconfigure.web.client.MockRestServiceServerResetTestExecutionListener@4a67318f, org.springframework.boot.test.autoconfigure.web.servlet.MockMvcPrintOnlyOnFailureTestExecutionListener@315ba14a, org.springframework.boot.test.autoconfigure.web.servlet.WebDriverTestExecutionListener@17f9344b, org.springframework.boot.test.autoconfigure.webservices.client.MockWebServiceServerTestExecutionListener@27f0ad19, org.springframework.boot.test.mock.mockito.ResetMocksTestExecutionListener@54e81b21]
19:17:37.717 [Test worker] DEBUG org.springframework.test.context.support.AbstractDirtiesContextTestExecutionListener - Before test class: context [DefaultTestContext@30272916 testClass = ConsultaControllerTest, testInstance = [null], testMethod = [null], testException = [null], mergedContextConfiguration = [WebMergedContextConfiguration@5bb3d42d testClass = ConsultaControllerTest, locations = '{}', classes = '{class com.eronalves.consultafrete.ConsultafreteApplication}', contextInitializerClasses = '[]', activeProfiles = '{}', propertySourceLocations = '{}', propertySourceProperties = '{org.springframework.boot.test.context.SpringBootTestContextBootstrapper=true}', contextCustomizers = set[org.springframework.boot.test.autoconfigure.actuate.metrics.MetricsExportContextCustomizerFactory$DisableMetricExportContextCustomizer@7fc44dec, org.springframework.boot.test.autoconfigure.properties.PropertyMappingContextCustomizer@4b3fa0b3, org.springframework.boot.test.autoconfigure.web.servlet.WebDriverContextCustomizerFactory$Customizer@6c8bca63, [ImportsContextCustomizer@5bf61e67 key = [org.springframework.boot.test.autoconfigure.web.servlet.MockMvcAutoConfiguration, org.springframework.boot.test.autoconfigure.web.servlet.MockMvcWebClientAutoConfiguration, org.springframework.boot.test.autoconfigure.web.servlet.MockMvcWebDriverAutoConfiguration, org.springframework.boot.autoconfigure.security.oauth2.client.servlet.OAuth2ClientAutoConfiguration, org.springframework.boot.autoconfigure.security.oauth2.resource.servlet.OAuth2ResourceServerAutoConfiguration, org.springframework.boot.autoconfigure.security.servlet.SecurityAutoConfiguration, org.springframework.boot.autoconfigure.security.servlet.SecurityFilterAutoConfiguration, org.springframework.boot.autoconfigure.security.servlet.UserDetailsServiceAutoConfiguration, org.springframework.boot.test.autoconfigure.web.servlet.MockMvcSecurityConfiguration, org.springframework.boot.test.autoconfigure.web.reactive.WebTestClientAutoConfiguration]], org.springframework.boot.test.context.filter.ExcludeFilterContextCustomizer@48c35007, org.springframework.boot.test.json.DuplicateJsonObjectContextCustomizerFactory$DuplicateJsonObjectContextCustomizer@7a48e6e2, org.springframework.boot.test.mock.mockito.MockitoContextCustomizer@b1e301cb, org.springframework.boot.test.web.client.TestRestTemplateContextCustomizer@410ae9a3, org.springframework.boot.test.context.SpringBootTestArgs@1, org.springframework.boot.test.context.SpringBootTestWebEnvironment@1018bde2], resourceBasePath = 'src/main/webapp', contextLoader = 'org.springframework.boot.test.context.SpringBootContextLoader', parent = [null]], attributes = map['org.springframework.test.context.web.ServletTestExecutionListener.activateListener' -> true]], class annotated with @DirtiesContext [false] with mode [null].

  .   ____          _            __ _ _
 /\\ / ___'_ __ _ _(_)_ __  __ _ \ \ \ \
( ( )\___ | '_ | '_| | '_ \/ _` | \ \ \ \
 \\/  ___)| |_)| | | | | || (_| |  ) ) ) )
  '  |____| .__|_| |_|_| |_\__, | / / / /
 =========|_|==============|___/=/_/_/_/
 :: Spring Boot ::                (v2.7.9)

2023-03-02 19:17:37.978  INFO 15981 --- [    Test worker] c.e.c.unittest.ConsultaControllerTest    : Starting ConsultaControllerTest using Java 17.0.4 on eron-virtualbox with PID 15981 (started by eronads in /home/eronads/repos/ConsultaFrete)
2023-03-02 19:17:37.979  INFO 15981 --- [    Test worker] c.e.c.unittest.ConsultaControllerTest    : No active profile set, falling back to 1 default profile: "default"
2023-03-02 19:17:39.153  INFO 15981 --- [    Test worker] o.s.b.t.m.w.SpringBootMockServletContext : Initializing Spring TestDispatcherServlet ''
2023-03-02 19:17:39.153  INFO 15981 --- [    Test worker] o.s.t.web.servlet.TestDispatcherServlet  : Initializing Servlet ''
2023-03-02 19:17:39.154  INFO 15981 --- [    Test worker] o.s.t.web.servlet.TestDispatcherServlet  : Completed initialization in 1 ms
2023-03-02 19:17:39.169  INFO 15981 --- [    Test worker] c.e.c.unittest.ConsultaControllerTest    : Started ConsultaControllerTest in 1.35 seconds (JVM running for 2.267)
]]></system-out>
  <system-err><![CDATA[]]></system-err>
</testsuite>
