<?xml version="1.0" encoding="UTF-8"?>
<testsuite name="com.eronalves.consultafrete.unittest.RequestUtilsTest" tests="1" skipped="0" failures="0" errors="0" timestamp="2023-03-02T22:17:39" hostname="eron-virtualbox" time="4.037">
  <properties/>
  <testcase name="deveJogarErroEmTimeout()" classname="com.eronalves.consultafrete.unittest.RequestUtilsTest" time="4.037"/>
  <system-out><![CDATA[2023-03-02 19:17:39.312  INFO 15981 --- [    Test worker] .b.t.c.SpringBootTestContextBootstrapper : Neither @ContextConfiguration nor @ContextHierarchy found for test class [com.eronalves.consultafrete.unittest.RequestUtilsTest], using SpringBootContextLoader
2023-03-02 19:17:39.313  INFO 15981 --- [    Test worker] o.s.t.c.support.AbstractContextLoader    : Could not detect default resource locations for test class [com.eronalves.consultafrete.unittest.RequestUtilsTest]: no resource found for suffixes {-context.xml, Context.groovy}.
2023-03-02 19:17:39.313  INFO 15981 --- [    Test worker] t.c.s.AnnotationConfigContextLoaderUtils : Could not detect default configuration classes for test class [com.eronalves.consultafrete.unittest.RequestUtilsTest]: RequestUtilsTest does not declare any static, non-private, non-final, nested classes annotated with @Configuration.
2023-03-02 19:17:39.315  INFO 15981 --- [    Test worker] .b.t.c.SpringBootTestContextBootstrapper : Found @SpringBootConfiguration com.eronalves.consultafrete.ConsultafreteApplication for test class com.eronalves.consultafrete.unittest.RequestUtilsTest
2023-03-02 19:17:39.316  INFO 15981 --- [    Test worker] .b.t.c.SpringBootTestContextBootstrapper : Loaded default TestExecutionListener class names from location [META-INF/spring.factories]: [org.springframework.boot.test.autoconfigure.restdocs.RestDocsTestExecutionListener, org.springframework.boot.test.autoconfigure.web.client.MockRestServiceServerResetTestExecutionListener, org.springframework.boot.test.autoconfigure.web.servlet.MockMvcPrintOnlyOnFailureTestExecutionListener, org.springframework.boot.test.autoconfigure.web.servlet.WebDriverTestExecutionListener, org.springframework.boot.test.autoconfigure.webservices.client.MockWebServiceServerTestExecutionListener, org.springframework.boot.test.mock.mockito.MockitoTestExecutionListener, org.springframework.boot.test.mock.mockito.ResetMocksTestExecutionListener, org.springframework.test.context.web.ServletTestExecutionListener, org.springframework.test.context.support.DirtiesContextBeforeModesTestExecutionListener, org.springframework.test.context.event.ApplicationEventsTestExecutionListener, org.springframework.test.context.support.DependencyInjectionTestExecutionListener, org.springframework.test.context.support.DirtiesContextTestExecutionListener, org.springframework.test.context.transaction.TransactionalTestExecutionListener, org.springframework.test.context.jdbc.SqlScriptsTestExecutionListener, org.springframework.test.context.event.EventPublishingTestExecutionListener]
2023-03-02 19:17:39.316  INFO 15981 --- [    Test worker] .b.t.c.SpringBootTestContextBootstrapper : Using TestExecutionListeners: [org.springframework.test.context.web.ServletTestExecutionListener@553fbe94, org.springframework.test.context.support.DirtiesContextBeforeModesTestExecutionListener@6abe62bb, org.springframework.test.context.event.ApplicationEventsTestExecutionListener@1f60824e, org.springframework.boot.test.mock.mockito.MockitoTestExecutionListener@1218e12, org.springframework.boot.test.autoconfigure.SpringBootDependencyInjectionTestExecutionListener@29c25bbc, org.springframework.test.context.support.DirtiesContextTestExecutionListener@30704f85, org.springframework.test.context.event.EventPublishingTestExecutionListener@2b99c937, org.springframework.boot.test.autoconfigure.restdocs.RestDocsTestExecutionListener@26c59348, org.springframework.boot.test.autoconfigure.web.client.MockRestServiceServerResetTestExecutionListener@1de12397, org.springframework.boot.test.autoconfigure.web.servlet.MockMvcPrintOnlyOnFailureTestExecutionListener@2f5f5bc9, org.springframework.boot.test.autoconfigure.web.servlet.WebDriverTestExecutionListener@4aeaff64, org.springframework.boot.test.autoconfigure.webservices.client.MockWebServiceServerTestExecutionListener@403f7aa2, org.springframework.boot.test.mock.mockito.ResetMocksTestExecutionListener@545604a9]

  .   ____          _            __ _ _
 /\\ / ___'_ __ _ _(_)_ __  __ _ \ \ \ \
( ( )\___ | '_ | '_| | '_ \/ _` | \ \ \ \
 \\/  ___)| |_)| | | | | || (_| |  ) ) ) )
  '  |____| .__|_| |_|_| |_\__, | / / / /
 =========|_|==============|___/=/_/_/_/
 :: Spring Boot ::                (v2.7.9)

2023-03-02 19:17:39.330  INFO 15981 --- [    Test worker] c.e.c.unittest.RequestUtilsTest          : Starting RequestUtilsTest using Java 17.0.4 on eron-virtualbox with PID 15981 (started by eronads in /home/eronads/repos/ConsultaFrete)
2023-03-02 19:17:39.330  INFO 15981 --- [    Test worker] c.e.c.unittest.RequestUtilsTest          : No active profile set, falling back to 1 default profile: "default"
2023-03-02 19:17:39.594  INFO 15981 --- [    Test worker] c.e.c.unittest.RequestUtilsTest          : Started RequestUtilsTest in 0.276 seconds (JVM running for 2.692)
]]></system-out>
  <system-err><![CDATA[]]></system-err>
</testsuite>
