<?xml version="1.0" encoding="UTF-8"?>
<testsuite name="com.eronalves.consultafrete.unittest.ConsultaControllerTest" tests="5" skipped="0" failures="0" errors="0" timestamp="2023-03-02T19:43:26" hostname="eron-virtualbox" time="0.246">
  <properties/>
  <testcase name="cepNaoExiste()" classname="com.eronalves.consultafrete.unittest.ConsultaControllerTest" time="0.204"/>
  <testcase name="apiIndisponivel()" classname="com.eronalves.consultafrete.unittest.ConsultaControllerTest" time="0.008"/>
  <testcase name="enviaCepSemMascara()" classname="com.eronalves.consultafrete.unittest.ConsultaControllerTest" time="0.014"/>
  <testcase name="enviaCepInvalido()" classname="com.eronalves.consultafrete.unittest.ConsultaControllerTest" time="0.007"/>
  <testcase name="enviaCepComMascara()" classname="com.eronalves.consultafrete.unittest.ConsultaControllerTest" time="0.005"/>
  <system-out><![CDATA[16:43:23.453 [Test worker] DEBUG org.springframework.test.context.BootstrapUtils - Instantiating CacheAwareContextLoaderDelegate from class [org.springframework.test.context.cache.DefaultCacheAwareContextLoaderDelegate]
16:43:23.464 [Test worker] DEBUG org.springframework.test.context.BootstrapUtils - Instantiating BootstrapContext using constructor [public org.springframework.test.context.support.DefaultBootstrapContext(java.lang.Class,org.springframework.test.context.CacheAwareContextLoaderDelegate)]
16:43:23.500 [Test worker] DEBUG org.springframework.test.context.BootstrapUtils - Instantiating TestContextBootstrapper for test class [com.eronalves.consultafrete.unittest.ConsultaControllerTest] from class [org.springframework.boot.test.context.SpringBootTestContextBootstrapper]
16:43:23.514 [Test worker] INFO org.springframework.boot.test.context.SpringBootTestContextBootstrapper - Neither @ContextConfiguration nor @ContextHierarchy found for test class [com.eronalves.consultafrete.unittest.ConsultaControllerTest], using SpringBootContextLoader
16:43:23.519 [Test worker] DEBUG org.springframework.test.context.support.AbstractContextLoader - Did not detect default resource location for test class [com.eronalves.consultafrete.unittest.ConsultaControllerTest]: class path resource [com/eronalves/consultafrete/unittest/ConsultaControllerTest-context.xml] does not exist
16:43:23.520 [Test worker] DEBUG org.springframework.test.context.support.AbstractContextLoader - Did not detect default resource location for test class [com.eronalves.consultafrete.unittest.ConsultaControllerTest]: class path resource [com/eronalves/consultafrete/unittest/ConsultaControllerTestContext.groovy] does not exist
16:43:23.521 [Test worker] INFO org.springframework.test.context.support.AbstractContextLoader - Could not detect default resource locations for test class [com.eronalves.consultafrete.unittest.ConsultaControllerTest]: no resource found for suffixes {-context.xml, Context.groovy}.
16:43:23.522 [Test worker] INFO org.springframework.test.context.support.AnnotationConfigContextLoaderUtils - Could not detect default configuration classes for test class [com.eronalves.consultafrete.unittest.ConsultaControllerTest]: ConsultaControllerTest does not declare any static, non-private, non-final, nested classes annotated with @Configuration.
16:43:23.614 [Test worker] DEBUG org.springframework.test.context.support.ActiveProfilesUtils - Could not find an 'annotation declaring class' for annotation type [org.springframework.test.context.ActiveProfiles] and class [com.eronalves.consultafrete.unittest.ConsultaControllerTest]
16:43:23.694 [Test worker] DEBUG org.springframework.context.annotation.ClassPathScanningCandidateComponentProvider - Identified candidate component class: file [/home/eronads/repos/ConsultaFrete/build/classes/java/main/com/eronalves/consultafrete/ConsultafreteApplication.class]
16:43:23.696 [Test worker] INFO org.springframework.boot.test.context.SpringBootTestContextBootstrapper - Found @SpringBootConfiguration com.eronalves.consultafrete.ConsultafreteApplication for test class com.eronalves.consultafrete.unittest.ConsultaControllerTest
16:43:23.792 [Test worker] DEBUG org.springframework.boot.test.context.SpringBootTestContextBootstrapper - @TestExecutionListeners is not present for class [com.eronalves.consultafrete.unittest.ConsultaControllerTest]: using defaults.
16:43:23.793 [Test worker] INFO org.springframework.boot.test.context.SpringBootTestContextBootstrapper - Loaded default TestExecutionListener class names from location [META-INF/spring.factories]: [org.springframework.boot.test.autoconfigure.restdocs.RestDocsTestExecutionListener, org.springframework.boot.test.autoconfigure.web.client.MockRestServiceServerResetTestExecutionListener, org.springframework.boot.test.autoconfigure.web.servlet.MockMvcPrintOnlyOnFailureTestExecutionListener, org.springframework.boot.test.autoconfigure.web.servlet.WebDriverTestExecutionListener, org.springframework.boot.test.autoconfigure.webservices.client.MockWebServiceServerTestExecutionListener, org.springframework.boot.test.mock.mockito.MockitoTestExecutionListener, org.springframework.boot.test.mock.mockito.ResetMocksTestExecutionListener, org.springframework.test.context.web.ServletTestExecutionListener, org.springframework.test.context.support.DirtiesContextBeforeModesTestExecutionListener, org.springframework.test.context.event.ApplicationEventsTestExecutionListener, org.springframework.test.context.support.DependencyInjectionTestExecutionListener, org.springframework.test.context.support.DirtiesContextTestExecutionListener, org.springframework.test.context.transaction.TransactionalTestExecutionListener, org.springframework.test.context.jdbc.SqlScriptsTestExecutionListener, org.springframework.test.context.event.EventPublishingTestExecutionListener]
16:43:23.806 [Test worker] DEBUG org.springframework.boot.test.context.SpringBootTestContextBootstrapper - Skipping candidate TestExecutionListener [org.springframework.test.context.transaction.TransactionalTestExecutionListener] due to a missing dependency. Specify custom listener classes or make the default listener classes and their required dependencies available. Offending class: [org/springframework/transaction/interceptor/TransactionAttributeSource]
16:43:23.807 [Test worker] DEBUG org.springframework.boot.test.context.SpringBootTestContextBootstrapper - Skipping candidate TestExecutionListener [org.springframework.test.context.jdbc.SqlScriptsTestExecutionListener] due to a missing dependency. Specify custom listener classes or make the default listener classes and their required dependencies available. Offending class: [org/springframework/transaction/interceptor/TransactionAttribute]
16:43:23.807 [Test worker] INFO org.springframework.boot.test.context.SpringBootTestContextBootstrapper - Using TestExecutionListeners: [org.springframework.test.context.web.ServletTestExecutionListener@64df9a61, org.springframework.test.context.support.DirtiesContextBeforeModesTestExecutionListener@77602954, org.springframework.test.context.event.ApplicationEventsTestExecutionListener@e260766, org.springframework.boot.test.mock.mockito.MockitoTestExecutionListener@2c3dec30, org.springframework.boot.test.autoconfigure.SpringBootDependencyInjectionTestExecutionListener@34a97744, org.springframework.test.context.support.DirtiesContextTestExecutionListener@4275c20c, org.springframework.test.context.event.EventPublishingTestExecutionListener@7c56e013, org.springframework.boot.test.autoconfigure.restdocs.RestDocsTestExecutionListener@3fc9dfc5, org.springframework.boot.test.autoconfigure.web.client.MockRestServiceServerResetTestExecutionListener@40258c2f, org.springframework.boot.test.autoconfigure.web.servlet.MockMvcPrintOnlyOnFailureTestExecutionListener@2cac4385, org.springframework.boot.test.autoconfigure.web.servlet.WebDriverTestExecutionListener@6731787b, org.springframework.boot.test.autoconfigure.webservices.client.MockWebServiceServerTestExecutionListener@16f7b4af, org.springframework.boot.test.mock.mockito.ResetMocksTestExecutionListener@7adf16aa]
16:43:23.812 [Test worker] DEBUG org.springframework.test.context.support.AbstractDirtiesContextTestExecutionListener - Before test class: context [DefaultTestContext@10fde30a testClass = ConsultaControllerTest, testInstance = [null], testMethod = [null], testException = [null], mergedContextConfiguration = [WebMergedContextConfiguration@f27ea3 testClass = ConsultaControllerTest, locations = '{}', classes = '{class com.eronalves.consultafrete.ConsultafreteApplication}', contextInitializerClasses = '[]', activeProfiles = '{}', propertySourceLocations = '{}', propertySourceProperties = '{org.springframework.boot.test.context.SpringBootTestContextBootstrapper=true}', contextCustomizers = set[org.springframework.boot.test.autoconfigure.actuate.metrics.MetricsExportContextCustomizerFactory$DisableMetricExportContextCustomizer@3f9342d4, org.springframework.boot.test.autoconfigure.properties.PropertyMappingContextCustomizer@4b3fa0b3, org.springframework.boot.test.autoconfigure.web.servlet.WebDriverContextCustomizerFactory$Customizer@6f63b475, [ImportsContextCustomizer@1ce61929 key = [org.springframework.boot.test.autoconfigure.web.servlet.MockMvcAutoConfiguration, org.springframework.boot.test.autoconfigure.web.servlet.MockMvcWebClientAutoConfiguration, org.springframework.boot.test.autoconfigure.web.servlet.MockMvcWebDriverAutoConfiguration, org.springframework.boot.autoconfigure.security.oauth2.client.servlet.OAuth2ClientAutoConfiguration, org.springframework.boot.autoconfigure.security.oauth2.resource.servlet.OAuth2ResourceServerAutoConfiguration, org.springframework.boot.autoconfigure.security.servlet.SecurityAutoConfiguration, org.springframework.boot.autoconfigure.security.servlet.SecurityFilterAutoConfiguration, org.springframework.boot.autoconfigure.security.servlet.UserDetailsServiceAutoConfiguration, org.springframework.boot.test.autoconfigure.web.servlet.MockMvcSecurityConfiguration, org.springframework.boot.test.autoconfigure.web.reactive.WebTestClientAutoConfiguration]], org.springframework.boot.test.context.filter.ExcludeFilterContextCustomizer@7b94089b, org.springframework.boot.test.json.DuplicateJsonObjectContextCustomizerFactory$DuplicateJsonObjectContextCustomizer@561868a0, org.springframework.boot.test.mock.mockito.MockitoContextCustomizer@9da2e42d, org.springframework.boot.test.web.client.TestRestTemplateContextCustomizer@db57326, org.springframework.boot.test.context.SpringBootTestArgs@1, org.springframework.boot.test.context.SpringBootTestWebEnvironment@5609159b], resourceBasePath = 'src/main/webapp', contextLoader = 'org.springframework.boot.test.context.SpringBootContextLoader', parent = [null]], attributes = map['org.springframework.test.context.web.ServletTestExecutionListener.activateListener' -> true]], class annotated with @DirtiesContext [false] with mode [null].

  .   ____          _            __ _ _
 /\\ / ___'_ __ _ _(_)_ __  __ _ \ \ \ \
( ( )\___ | '_ | '_| | '_ \/ _` | \ \ \ \
 \\/  ___)| |_)| | | | | || (_| |  ) ) ) )
  '  |____| .__|_| |_|_| |_\__, | / / / /
 =========|_|==============|___/=/_/_/_/
 :: Spring Boot ::                (v2.7.9)

2023-03-02 16:43:24.326  INFO 29614 --- [    Test worker] c.e.c.unittest.ConsultaControllerTest    : Starting ConsultaControllerTest using Java 17.0.4 on eron-virtualbox with PID 29614 (started by eronads in /home/eronads/repos/ConsultaFrete)
2023-03-02 16:43:24.329  INFO 29614 --- [    Test worker] c.e.c.unittest.ConsultaControllerTest    : No active profile set, falling back to 1 default profile: "default"
2023-03-02 16:43:26.554  INFO 29614 --- [    Test worker] o.s.b.t.m.w.SpringBootMockServletContext : Initializing Spring TestDispatcherServlet ''
2023-03-02 16:43:26.555  INFO 29614 --- [    Test worker] o.s.t.web.servlet.TestDispatcherServlet  : Initializing Servlet ''
2023-03-02 16:43:26.556  INFO 29614 --- [    Test worker] o.s.t.web.servlet.TestDispatcherServlet  : Completed initialization in 1 ms
2023-03-02 16:43:26.589  INFO 29614 --- [    Test worker] c.e.c.unittest.ConsultaControllerTest    : Started ConsultaControllerTest in 2.559 seconds (JVM running for 4.11)
]]></system-out>
  <system-err><![CDATA[]]></system-err>
</testsuite>
